2025-03-24 00:25:56,214 - ERROR - Failed to initialize cryptography: [Errno 2] No such file or directory: 'sequence.csv'
2025-03-24 00:27:31,366 - INFO - Server started successfully
2025-03-24 00:27:32,469 - INFO - New connection from ('127.0.0.1', 58207)
2025-03-24 00:29:38,693 - ERROR - Error handling client ('127.0.0.1', 58207): [WinError 10054] An existing connection was forcibly closed by the remote host
2025-03-24 00:30:43,342 - INFO - Cryptography initialized successfully
2025-03-24 00:31:06,328 - INFO - Server started successfully
2025-03-24 00:31:06,656 - INFO - New connection from ('127.0.0.1', 58682)
2025-03-24 00:38:39,027 - INFO - Cryptography initialized successfully
2025-03-24 00:50:11,195 - INFO - Cryptography initialized successfully
2025-03-24 01:00:22,980 - INFO - Cryptography initialized successfully
2025-03-24 01:19:05,808 - INFO - Cryptography initialized successfully
2025-03-24 01:20:14,086 - ERROR - Failed to start server: 'CommanderGUI' object has no attribute 'status_label'
2025-03-24 01:35:50,988 - INFO - Cryptography initialized successfully
2025-03-24 01:50:54,515 - INFO - Cryptography initialized successfully
2025-03-24 01:59:41,942 - INFO - Cryptography initialized successfully
2025-03-24 02:05:08,944 - INFO - Cryptography initialized successfully
2025-03-24 02:16:10,103 - INFO - Cryptography initialized successfully
2025-03-24 02:21:06,104 - INFO - Cryptography initialized successfully
2025-03-24 02:21:06,134 - ERROR - Error initializing map: TkinterMapView.set_tile_server() got an unexpected keyword argument 'tile_path'
2025-03-24 09:12:46,494 - INFO - Cryptography initialized successfully
2025-03-24 09:15:03,748 - INFO - Server started successfully
2025-03-24 09:15:42,109 - INFO - New connection from ('127.0.0.1', 60879)
2025-03-24 09:16:31,223 - INFO - Server stopped
2025-03-24 09:16:32,519 - INFO - Server started successfully
2025-03-24 09:18:26,187 - INFO - Cryptography initialized successfully
2025-03-24 11:33:46,850 - ERROR - Failed to initialize cryptography: too many values to unpack (expected 7)
2025-03-24 11:35:25,533 - ERROR - Failed to initialize cryptography: too many values to unpack (expected 7)
2025-03-24 11:36:57,161 - ERROR - Failed to initialize cryptography: too many values to unpack (expected 7)
2025-03-24 11:40:32,995 - ERROR - Failed to initialize cryptography: too many values to unpack (expected 7)
2025-03-24 11:42:09,720 - ERROR - Failed to initialize cryptography: too many values to unpack (expected 7)
2025-03-24 11:43:26,743 - ERROR - Failed to initialize cryptography: too many values to unpack (expected 7)
2025-03-24 11:43:46,702 - INFO - Server started successfully
2025-03-24 11:44:11,356 - INFO - New connection from ('127.0.0.1', 52239)
2025-03-24 11:46:19,369 - ERROR - Error handling client ('127.0.0.1', 52239): [WinError 10054] An existing connection was forcibly closed by the remote host
2025-03-24 11:47:53,994 - INFO - New connection from ('127.0.0.1', 52600)
2025-03-24 11:57:39,011 - ERROR - Error handling client ('127.0.0.1', 52600): [WinError 10054] An existing connection was forcibly closed by the remote host
2025-03-24 12:02:32,163 - ERROR - Failed to initialize cryptography: too many values to unpack (expected 7)
2025-03-24 12:04:15,429 - INFO - Server started successfully
2025-03-24 12:04:43,733 - INFO - New connection from ('127.0.0.1', 53610)
2025-03-24 12:04:50,447 - INFO - Tank {"type": "location", "ivs": [null, "ovem9w+Q3l+iDs1lLRTIFQ==", "Qmsr3bjeZUM=", "fZPu02ZdMs8VOe4RdoGfcg==", "0+CwzDR1tBE="], "data": "dGcEFOzenwEw+qG9VMc8E2MPAEzZ09s/hEu/Ru0vpxSjIAVUGl+aOh0rHX4wDmPHXWuMmUFzEpHpcf1CAT9slPu1dMr/lVeo4OvmcD2RgYeYjodvIxoDt9lPvaBxO6Apmq1dFEqzTp1z987ySoVBfAQlhzdxiH046z02FYLQAZj0IuRXI12SxC8w83NbpN+p9kToF6aYSfhkL1qVzJGExMHTVKhjnxl1yD1FMoIol0a0KnN79UXmLs6NlVimrzULazuPqQ9ZZOon4z7QlEguihUou+S0cHG05tH2xUvRvzMymPp7ILYSNobDuFD50/25wI8kkCayrahzux1utMf60qU/3B1aG4m2Ul6x8MYYe1SFC/6F7ZpWyp1qGYOXLOC0XGeB+3NHJuD0zCtdQUkarKbG94ocF4zsK1iHna/EeTPb+NlPD+enINQ1wa7gBHaYdKNHNFj9t8aGv1bRfpjEkOgPdHNZMH2wuzgDAwsVLRIAwtVTKOMeW14rPVHnOH2VG1tZNLeLMqyWCCP4fuBE1hxCdG66toi9bhXK7hFieaYNv9NOpH7m6hq3omBW/9fpK6mYjuYLy1C6zj0DWV0gDpJMisGsg7RHa3h5otDRTlr9BRr+ZIov7zVgf28D5rh3iOcFGK5ZURjAfn4YKl9opvpO9REe6/9Z+jVvVXjl3M50oQsirV675qQzNexaVXwq5e4ogkJZmC9xy7Ge6Y4Ug2i1ygWhGuR3Fs69d77UmW7PRgRfFch1V30QjumCnq/rx2YUXFKr77g17WtKmHgU3d+F8u1pSfXUjYTAdPJu7Nq5K/s4O9pfuPdUa4fvbzzB8QPi0v7ykew+hG220xTaxktbAASE0CYUKnNDA6fG/MZ24fZNqIMROMQz5l4 connected from ('127.0.0.1', 53610)
2025-03-24 12:04:50,455 - INFO - Sent challenge to Tank {"type": "location", "ivs": [null, "ovem9w+Q3l+iDs1lLRTIFQ==", "Qmsr3bjeZUM=", "fZPu02ZdMs8VOe4RdoGfcg==", "0+CwzDR1tBE="], "data": "dGcEFOzenwEw+qG9VMc8E2MPAEzZ09s/hEu/Ru0vpxSjIAVUGl+aOh0rHX4wDmPHXWuMmUFzEpHpcf1CAT9slPu1dMr/lVeo4OvmcD2RgYeYjodvIxoDt9lPvaBxO6Apmq1dFEqzTp1z987ySoVBfAQlhzdxiH046z02FYLQAZj0IuRXI12SxC8w83NbpN+p9kToF6aYSfhkL1qVzJGExMHTVKhjnxl1yD1FMoIol0a0KnN79UXmLs6NlVimrzULazuPqQ9ZZOon4z7QlEguihUou+S0cHG05tH2xUvRvzMymPp7ILYSNobDuFD50/25wI8kkCayrahzux1utMf60qU/3B1aG4m2Ul6x8MYYe1SFC/6F7ZpWyp1qGYOXLOC0XGeB+3NHJuD0zCtdQUkarKbG94ocF4zsK1iHna/EeTPb+NlPD+enINQ1wa7gBHaYdKNHNFj9t8aGv1bRfpjEkOgPdHNZMH2wuzgDAwsVLRIAwtVTKOMeW14rPVHnOH2VG1tZNLeLMqyWCCP4fuBE1hxCdG66toi9bhXK7hFieaYNv9NOpH7m6hq3omBW/9fpK6mYjuYLy1C6zj0DWV0gDpJMisGsg7RHa3h5otDRTlr9BRr+ZIov7zVgf28D5rh3iOcFGK5ZURjAfn4YKl9opvpO9REe6/9Z+jVvVXjl3M50oQsirV675qQzNexaVXwq5e4ogkJZmC9xy7Ge6Y4Ug2i1ygWhGuR3Fs69d77UmW7PRgRfFch1V30QjumCnq/rx2YUXFKr77g17WtKmHgU3d+F8u1pSfXUjYTAdPJu7Nq5K/s4O9pfuPdUa4fvbzzB8QPi0v7ykew+hG220xTaxktbAASE0CYUKnNDA6fG/MZ24fZNqIMROMQz5l4
2025-03-24 12:04:50,473 - INFO - Received response from Tank {"type": "location", "ivs": [null, "ovem9w+Q3l+iDs1lLRTIFQ==", "Qmsr3bjeZUM=", "fZPu02ZdMs8VOe4RdoGfcg==", "0+CwzDR1tBE="], "data": "dGcEFOzenwEw+qG9VMc8E2MPAEzZ09s/hEu/Ru0vpxSjIAVUGl+aOh0rHX4wDmPHXWuMmUFzEpHpcf1CAT9slPu1dMr/lVeo4OvmcD2RgYeYjodvIxoDt9lPvaBxO6Apmq1dFEqzTp1z987ySoVBfAQlhzdxiH046z02FYLQAZj0IuRXI12SxC8w83NbpN+p9kToF6aYSfhkL1qVzJGExMHTVKhjnxl1yD1FMoIol0a0KnN79UXmLs6NlVimrzULazuPqQ9ZZOon4z7QlEguihUou+S0cHG05tH2xUvRvzMymPp7ILYSNobDuFD50/25wI8kkCayrahzux1utMf60qU/3B1aG4m2Ul6x8MYYe1SFC/6F7ZpWyp1qGYOXLOC0XGeB+3NHJuD0zCtdQUkarKbG94ocF4zsK1iHna/EeTPb+NlPD+enINQ1wa7gBHaYdKNHNFj9t8aGv1bRfpjEkOgPdHNZMH2wuzgDAwsVLRIAwtVTKOMeW14rPVHnOH2VG1tZNLeLMqyWCCP4fuBE1hxCdG66toi9bhXK7hFieaYNv9NOpH7m6hq3omBW/9fpK6mYjuYLy1C6zj0DWV0gDpJMisGsg7RHa3h5otDRTlr9BRr+ZIov7zVgf28D5rh3iOcFGK5ZURjAfn4YKl9opvpO9REe6/9Z+jVvVXjl3M50oQsirV675qQzNexaVXwq5e4ogkJZmC9xy7Ge6Y4Ug2i1ygWhGuR3Fs69d77UmW7PRgRfFch1V30QjumCnq/rx2YUXFKr77g17WtKmHgU3d+F8u1pSfXUjYTAdPJu7Nq5K/s4O9pfuPdUa4fvbzzB8QPi0v7ykew+hG220xTaxktbAASE0CYUKnNDA6fG/MZ24fZNqIMROMQz5l4: 7YIJIGUAAcEvg3GNADLNaQ/uyPJdViax0bPl9TvpBY2uWmEw54ZL8Fi+Xw8KUCo6oX8CS85C5Y1Iz3ywQVuKBHKLYg0LfLkCHMLWEqWcghIGHA4hlMYFYpibRueMlDQAp7D71nbDIUyQ4EgSKcEi2hDkazppW01UvIqCzGCm5Waf2pMt0o4dpv+VsEaSEVxjZLd0+APeK5NRFK3E9K4O+TaJ/VE0hzpq1uvq/DQIVIPQrP3vDPvoIbsL5r8Al4QrqRbv0", "tags": [null, null, null, "r58BJieydPplo5Ggmtahig==", null], "signature": "oja6NIOgjUNPDty/Cd55Y7lBcnzTmO3ZqFFFb65hms5OxwkIg37836yu3QE3KXodcJntV/39qeSfbrFU6FKpjzv8ItpIhb+/UCOiqkbIjxQc2nA4m1Xr5iZAWJS8aIy0VGwxtAlrDZKRnSBGXpcSVcXEhopGvcWtP3lvjpccpE+ACPC/zIh7uDZBQU0TCqQ+fi2rJeTD1XrXUPUYyOvLb/qh3nJyt9O8hH4hvHjyMXV8G0i+CjIBWm/nKusK2gf/eY1wm8DXcgdU/cwBR8bUs0TXix5LKeR8cKZz+R9fck/EIe0R0qYkFvoZ2ZhImGXqNIZe1kjpiZ1/vd6dzcAeTg==", "random_index": 18, "sequence_hash": "bf221c1f6b63cfcfe38b4e1a97d53632ef791aaa4a0d327f3ad5f7a6e14c7b7a"}
2025-03-24 12:04:50,477 - INFO - Tank {"type": "location", "ivs": [null, "ovem9w+Q3l+iDs1lLRTIFQ==", "Qmsr3bjeZUM=", "fZPu02ZdMs8VOe4RdoGfcg==", "0+CwzDR1tBE="], "data": "dGcEFOzenwEw+qG9VMc8E2MPAEzZ09s/hEu/Ru0vpxSjIAVUGl+aOh0rHX4wDmPHXWuMmUFzEpHpcf1CAT9slPu1dMr/lVeo4OvmcD2RgYeYjodvIxoDt9lPvaBxO6Apmq1dFEqzTp1z987ySoVBfAQlhzdxiH046z02FYLQAZj0IuRXI12SxC8w83NbpN+p9kToF6aYSfhkL1qVzJGExMHTVKhjnxl1yD1FMoIol0a0KnN79UXmLs6NlVimrzULazuPqQ9ZZOon4z7QlEguihUou+S0cHG05tH2xUvRvzMymPp7ILYSNobDuFD50/25wI8kkCayrahzux1utMf60qU/3B1aG4m2Ul6x8MYYe1SFC/6F7ZpWyp1qGYOXLOC0XGeB+3NHJuD0zCtdQUkarKbG94ocF4zsK1iHna/EeTPb+NlPD+enINQ1wa7gBHaYdKNHNFj9t8aGv1bRfpjEkOgPdHNZMH2wuzgDAwsVLRIAwtVTKOMeW14rPVHnOH2VG1tZNLeLMqyWCCP4fuBE1hxCdG66toi9bhXK7hFieaYNv9NOpH7m6hq3omBW/9fpK6mYjuYLy1C6zj0DWV0gDpJMisGsg7RHa3h5otDRTlr9BRr+ZIov7zVgf28D5rh3iOcFGK5ZURjAfn4YKl9opvpO9REe6/9Z+jVvVXjl3M50oQsirV675qQzNexaVXwq5e4ogkJZmC9xy7Ge6Y4Ug2i1ygWhGuR3Fs69d77UmW7PRgRfFch1V30QjumCnq/rx2YUXFKr77g17WtKmHgU3d+F8u1pSfXUjYTAdPJu7Nq5K/s4O9pfuPdUa4fvbzzB8QPi0v7ykew+hG220xTaxktbAASE0CYUKnNDA6fG/MZ24fZNqIMROMQz5l4 authentication failed
2025-03-24 12:04:50,847 - INFO - Tank {"type": "location", "ivs": [null, "ovem9w+Q3l+iDs1lLRTIFQ==", "Qmsr3bjeZUM=", "fZPu02ZdMs8VOe4RdoGfcg==", "0+CwzDR1tBE="], "data": "dGcEFOzenwEw+qG9VMc8E2MPAEzZ09s/hEu/Ru0vpxSjIAVUGl+aOh0rHX4wDmPHXWuMmUFzEpHpcf1CAT9slPu1dMr/lVeo4OvmcD2RgYeYjodvIxoDt9lPvaBxO6Apmq1dFEqzTp1z987ySoVBfAQlhzdxiH046z02FYLQAZj0IuRXI12SxC8w83NbpN+p9kToF6aYSfhkL1qVzJGExMHTVKhjnxl1yD1FMoIol0a0KnN79UXmLs6NlVimrzULazuPqQ9ZZOon4z7QlEguihUou+S0cHG05tH2xUvRvzMymPp7ILYSNobDuFD50/25wI8kkCayrahzux1utMf60qU/3B1aG4m2Ul6x8MYYe1SFC/6F7ZpWyp1qGYOXLOC0XGeB+3NHJuD0zCtdQUkarKbG94ocF4zsK1iHna/EeTPb+NlPD+enINQ1wa7gBHaYdKNHNFj9t8aGv1bRfpjEkOgPdHNZMH2wuzgDAwsVLRIAwtVTKOMeW14rPVHnOH2VG1tZNLeLMqyWCCP4fuBE1hxCdG66toi9bhXK7hFieaYNv9NOpH7m6hq3omBW/9fpK6mYjuYLy1C6zj0DWV0gDpJMisGsg7RHa3h5otDRTlr9BRr+ZIov7zVgf28D5rh3iOcFGK5ZURjAfn4YKl9opvpO9REe6/9Z+jVvVXjl3M50oQsirV675qQzNexaVXwq5e4ogkJZmC9xy7Ge6Y4Ug2i1ygWhGuR3Fs69d77UmW7PRgRfFch1V30QjumCnq/rx2YUXFKr77g17WtKmHgU3d+F8u1pSfXUjYTAdPJu7Nq5K/s4O9pfuPdUa4fvbzzB8QPi0v7ykew+hG220xTaxktbAASE0CYUKnNDA6fG/MZ24fZNqIMROMQz5l4 disconnected
2025-03-24 12:05:26,774 - INFO - Server stopped
2025-03-24 12:05:27,989 - INFO - Server started successfully
2025-03-25 10:43:54,608 - ERROR - Failed to initialize cryptography: too many values to unpack (expected 7)
2025-03-25 10:43:57,627 - INFO - Launched client GUI for Tank 1
2025-03-25 10:43:57,642 - INFO - Launched client GUI for Tank 2
2025-03-25 10:44:13,675 - INFO - Cryptography initialized with sequence: rsa -> ecc -> des
2025-03-25 10:44:39,743 - INFO - Launched client GUI for Tank 1
2025-03-25 10:44:49,194 - INFO - Launched client GUI for Tank 1
2025-03-25 10:45:11,575 - INFO - Cryptography initialized with sequence: rsa -> ecc -> des
2025-03-25 10:45:20,325 - INFO - Server started successfully
2025-03-25 10:45:33,586 - INFO - Launched client GUI for Tank 1
2025-03-25 10:45:33,586 - INFO - Launched client GUI for Tank 2
2025-03-25 10:45:45,623 - INFO - Cryptography initialized with sequence: rsa -> ecc -> aes-gcm
2025-03-25 10:45:45,625 - INFO - New connection from ('127.0.0.1', 62240)
2025-03-25 10:45:45,625 - INFO - Tank Tk1 connected from ('127.0.0.1', 62240)
2025-03-25 10:45:45,625 - INFO - Sent challenge to Tank Tk1
2025-03-25 10:45:45,625 - INFO - Received response from Tank Tk1: 7
2025-03-25 10:45:45,625 - INFO - Tank Tk1 authenticated successfully
2025-03-25 10:45:47,337 - INFO - Tank Tk1 is ready
2025-03-25 10:45:57,600 - INFO - Cryptography initialized with sequence: rsa -> des -> ecc -> aes-gcm
2025-03-25 10:45:57,602 - INFO - New connection from ('127.0.0.1', 62324)
2025-03-25 10:45:57,604 - INFO - Tank Tk2 connected from ('127.0.0.1', 62324)
2025-03-25 10:45:57,607 - INFO - Sent challenge to Tank Tk2
2025-03-25 10:45:57,608 - INFO - Received response from Tank Tk2: 40
2025-03-25 10:45:57,609 - INFO - Tank Tk2 authenticated successfully
2025-03-25 10:45:59,162 - INFO - Tank Tk2 is ready
2025-03-25 10:58:54,867 - ERROR - Location handling error for Tank Tk1: [WinError 10054] An existing connection was forcibly closed by the remote host
2025-03-25 10:58:54,888 - ERROR - Location handling error for Tank Tk2: [WinError 10054] An existing connection was forcibly closed by the remote host
2025-03-25 10:59:03,686 - INFO - Server stopped
2025-03-25 11:03:32,144 - ERROR - Failed to initialize cryptography: too many values to unpack (expected 7)
2025-03-25 11:03:38,818 - INFO - Launched client GUI for Tk 1
2025-03-25 11:03:38,835 - INFO - Launched client GUI for Tk 2
2025-03-25 11:03:53,346 - INFO - Cryptography initialized with sequence: rsa -> aes -> tdes -> des
2025-03-25 11:03:59,002 - INFO - Server started successfully
2025-03-25 11:08:55,758 - ERROR - Failed to initialize cryptography: too many values to unpack (expected 7)
2025-03-25 11:09:00,072 - INFO - Launched client GUI for Tk 1
2025-03-25 11:09:00,080 - INFO - Launched client GUI for Tk 2
2025-03-25 11:09:03,095 - INFO - Server started successfully
2025-03-25 11:09:16,062 - INFO - Cryptography initialized with sequence: rsa -> tdes -> des
2025-03-25 11:09:16,062 - INFO - New connection from ('127.0.0.1', 63824)
2025-03-25 11:09:16,062 - INFO - Tank Tk1 connected from ('127.0.0.1', 63824)
2025-03-25 11:09:16,070 - INFO - Sent challenge to Tank Tk1
2025-03-25 11:09:16,070 - INFO - Received response from Tank Tk1: False
2025-03-25 11:09:16,070 - INFO - Tank Tk1 authenticated successfully
2025-03-25 11:09:17,692 - INFO - Tank Tk1 is ready
2025-03-25 11:09:17,724 - INFO - Received location payload from Tank Tk1
gv0qr3sCk=", "GPXnOC5zwU8="], "data": "mNwCeohMRNBmOVyogwf+TEPNAlL3i/38rh6QKvRxs0c/NezqAU9SgBskj34NMPGnLv/V9l/RsGqUZUcuwixRIhCjEZIjV0Sr7SHjHqDEtTh3xZNa+v1O0EWBhQDVoGEu1lLJMff3fAjScCbiWP81OjyPzIJqlkyzpjDEwJjrLXmIqiq4Cpj3lqiC2+F/UvfdaxpiK54NvhLRmDSQeuxp6yhB3Li5JICD2krSYYAb/Zug8OAY+cuibXaRkHecRy6SjY7HwfyclAAEVpWPnzmBfMsHkD1r/9eCSsiGT92RMMv7AEozbXruN6PAdBCbvJQPU8Kujlmji/HYtYD4QnN4yXbwaZBKvSuYx6+fN0zND2E7/jS6wL8Q1cImMGkKuGxWqDbo1V1T/f/I5fFn2uJUXhHO7II6VkCjsLNGQUtpQxJaooS9Ajs+3XJI+2TcXx4Odjj4TMWEGtYw+7kdiWBdOUBdL9qGvoWGQJo8Oc3umg4Zukfr04boqjkvPnQz0X7e6C+fsJWWmtSEfksDrhETXa/WucN8UXUPmaIo+p1gJJO07XJAHUEOWyVZYCOqb0s9snlEIDZdwt2S4HNo42vE1YhTWEkcFAk94bqAQe6JhOmXIju8JCwu2jexU4FA973D", "tags": [null, null, null], "signature": "ctsR0p/KGDk4NgQQgYwq1mXKZGnW4ChWfuNmLbWdhnkbOgSsViNpUF9U0mDT84Bploz/EWDQRCjbqJR8ZnMSQYDj+ZbsOT3h69aEXOkf1BcUngzilmPV7JXgEG9mLt8XDz06HG/tgT5oWp0AiJ3kF7TP4k6kxA6UbHvb65DCggpNTJMThxrqikLeiN97UdZ+TwO0gDLBZxnTR25zu3T330BBhzl7mnyQIW+Igrmj5+maXAjsfOVXIlKmiZBUN0oW1gNk11UCge6d47eGFO6YpQzjknuHBYy/BbuWFX/WvgpJu5R/U7zY0Z0JEt9hMoNmQ6X8ufSvHyURFIVSc4cQ7w==", "random_index": 18, "sequence_hash": "f080d615f8aa40d157e717ba790c2fe14fbfec6c03790789ae8ad78d1d5d6226"}
2025-03-25 11:09:17,724 - INFO - Received acknowledgment: Give me your location
2025-03-25 11:09:17,724 - INFO - Received payload for Tank Tk1: {'ivs': [None, 'bygv0qr3sCk=', 'GPXnOC5zwU8='], 'data': 'mNwCeohMRNBmOVyogwf+TEPNAlL3i/38rh6QKvRxs0c/NezqAU9SgBskj34NMPGnLv/V9l/RsGqUZUcuwixRIhCjEZIjV0Sr7SHjHqDEtTh3xZNa+v1O0EWBhQDVoGEu1lLJMff3fAjScCbiWP81OjyPzIJqlkyzpjDEwJjrLXmIqiq4Cpj3lqiC2+F/UvfdaxpiK54NvhLRmDSQeuxp6yhB3Li5JICD2krSYYAb/Zug8OAY+cuibXaRkHecRy6SjY7HwfyclAAEVpWPnzmBfMsHkD1r/9eCSsiGT92RMMv7AEozbXruN6PAdBCbvJQPU8Kujlmji/HYtYD4QnN4yXbwaZBKvSuYx6+fN0zND2E7/jS6wL8Q1cImMGkKuGxWqDbo1V1T/f/I5fFn2uJUXhHO7II6VkCjsLNGQUtpQxJaooS9Ajs+3XJI+2TcXx4Odjj4TMWEGtYw+7kdiWBdOUBdL9qGvoWGQJo8Oc3umg4Zukfr04boqjkvPnQz0X7e6C+fsJWWmtSEfksDrhETXa/WucN8UXUPmaIo+p1gJJO07XJAHUEOWyVZYCOqb0s9snlEIDZdwt2S4HNo42vE1YhTWEkcFAk94bqAQe6JhOmXIju8JCwu2jexU4FA973D', 'tags': [None, None, None], 'signature': 'ctsR0p/KGDk4NgQQgYwq1mXKZGnW4ChWfuNmLbWdhnkbOgSsViNpUF9U0mDT84Bploz/EWDQRCjbqJR8ZnMSQYDj+ZbsOT3h69aEXOkf1BcUngzilmPV7JXgEG9mLt8XDz06HG/tgT5oWp0AiJ3kF7TP4k6kxA6UbHvb65DCggpNTJMThxrqikLeiN97UdZ+TwO0gDLBZxnTR25zu3T330BBhzl7mnyQIW+Igrmj5+maXAjsfOVXIlKmiZBUN0oW1gNk11UCge6d47eGFO6YpQzjknuHBYy/BbuWFX/WvgpJu5R/U7zY0Z0JEt9hMoNmQ6X8ufSvHyURFIVSc4cQ7w==', 'random_index': 18, 'sequence_hash': 'f080d615f8aa40d157e717ba790c2fe14fbfec6c03790789ae8ad78d1d5d6226'}
2025-03-25 11:09:17,892 - INFO - Attempting to decrypt data for Tank Tk1 using methods: ['rsa', 'tdes', 'des']
2025-03-25 11:09:17,932 - INFO - Successfully decrypted location for Tank Tk1: 17.210403,78.532797 
2025-03-25 11:09:17,932 - INFO - Sent acknowledgment to Tank Tk1
2025-03-25 11:09:17,948 - INFO - Updated location for Tank Tk1: 17.210403,78.532797 
2025-03-25 11:22:14,364 - ERROR - Failed to initialize cryptography: too many values to unpack (expected 7)
2025-03-25 11:22:17,273 - INFO - Server started successfully
2025-03-25 11:22:19,898 - INFO - Launched client GUI for Tk 1
2025-03-25 11:22:19,914 - INFO - Launched client GUI for Tk 2
2025-03-25 11:22:33,968 - INFO - New connection from ('127.0.0.1', 64810)
2025-03-25 11:22:39,074 - INFO - Tank {"ivs": [null, "5KQJPuolpVhbFyOTXWKwzg==", "i0qoh19tXpY="], "data": "jH4uv19fcWncKef+iRRUcBScg23fMMQ8AjO8WmcdC6LiBSZuk/Gz9qMN+3/RjCgwsAB3Sz3RLl4qCSNm8c7WOhuRMhUrP0IE+NYawIvfqquAW5o8CDTrBG3OvC7rfOi1nW0FtvCApzR9hb6B4GbhkIPYdymJrPr/bNzOf/49UpSQLgUCuF28O12djFL2SxoAR71qJn9xdMpRzdahq/7cbHQv9GdnQh/jF6QjQJMUtum65/b1aGc5Zh1D65tr/+6ioa+2PwzGHGakcBzYXQjrDTdIxP2uExqjfYQ3J01eMRDD5PIXu0g1CuGAdHYF1qmQlezVUneUHzMWdRnprpKtTON8b1i6BG6ozOa2gm6w+4810JwN+1DRWoe28N0U++8wuQOJXrlHlgrwV7JDEgYdeRf1TnQG6mLfzHB3GRMZseFjo+P5ArEbWPAU7aOczVlkB70GTWjK7eLewHiL66a3aF0LxKvZSQPSDPz5TWYHCQNm2fm2x0IyTx9G97KntuH3y/1hYfzabxrpw7UPNfUNPeUCD3iN8DbrBdbQ+RXczJxZaxyY2TkwXf4IktM3Sp6t+svbkmIC0oGGEA+NyM/7K+tMdQixxAF5EP6dd0cz9nw=", "tags": [null, "QGZCR+cBnhm/5Yif/FICeA==", null], "signature": "MnvRSD/zjhygWTJClAf6B52+3ViHAcSEg8bPP2GysdKiPWGjdDpHrpZxkd6hGITD1Ka7FBLnhYxos6yPC3ESMDlolTDOY5XNjIFDw0oYGe2Le12cC8nhoQzAF5JzkO/N2JibowfVmddTBKajwYpdBVAbZLpfMVzJe/Yl7jL1X5kA3X0zMt/JWpuFvUIzx3VfrUB5ACNgej97+/3b1WtxG4UdEWRgetraGDalZynWr1PCTjQBPAn08lHE/YYXc2lNEQ+TxQBcqchg connected from ('127.0.0.1', 64810)
2025-03-25 11:22:39,106 - INFO - Sent challenge to Tank {"ivs": [null, "5KQJPuolpVhbFyOTXWKwzg==", "i0qoh19tXpY="], "data": "jH4uv19fcWncKef+iRRUcBScg23fMMQ8AjO8WmcdC6LiBSZuk/Gz9qMN+3/RjCgwsAB3Sz3RLl4qCSNm8c7WOhuRMhUrP0IE+NYawIvfqquAW5o8CDTrBG3OvC7rfOi1nW0FtvCApzR9hb6B4GbhkIPYdymJrPr/bNzOf/49UpSQLgUCuF28O12djFL2SxoAR71qJn9xdMpRzdahq/7cbHQv9GdnQh/jF6QjQJMUtum65/b1aGc5Zh1D65tr/+6ioa+2PwzGHGakcBzYXQjrDTdIxP2uExqjfYQ3J01eMRDD5PIXu0g1CuGAdHYF1qmQlezVUneUHzMWdRnprpKtTON8b1i6BG6ozOa2gm6w+4810JwN+1DRWoe28N0U++8wuQOJXrlHlgrwV7JDEgYdeRf1TnQG6mLfzHB3GRMZseFjo+P5ArEbWPAU7aOczVlkB70GTWjK7eLewHiL66a3aF0LxKvZSQPSDPz5TWYHCQNm2fm2x0IyTx9G97KntuH3y/1hYfzabxrpw7UPNfUNPeUCD3iN8DbrBdbQ+RXczJxZaxyY2TkwXf4IktM3Sp6t+svbkmIC0oGGEA+NyM/7K+tMdQixxAF5EP6dd0cz9nw=", "tags": [null, "QGZCR+cBnhm/5Yif/FICeA==", null], "signature": "MnvRSD/zjhygWTJClAf6B52+3ViHAcSEg8bPP2GysdKiPWGjdDpHrpZxkd6hGITD1Ka7FBLnhYxos6yPC3ESMDlolTDOY5XNjIFDw0oYGe2Le12cC8nhoQzAF5JzkO/N2JibowfVmddTBKajwYpdBVAbZLpfMVzJe/Yl7jL1X5kA3X0zMt/JWpuFvUIzx3VfrUB5ACNgej97+/3b1WtxG4UdEWRgetraGDalZynWr1PCTjQBPAn08lHE/YYXc2lNEQ+TxQBcqchg
2025-03-25 11:22:39,178 - INFO - Received response from Tank {"ivs": [null, "5KQJPuolpVhbFyOTXWKwzg==", "i0qoh19tXpY="], "data": "jH4uv19fcWncKef+iRRUcBScg23fMMQ8AjO8WmcdC6LiBSZuk/Gz9qMN+3/RjCgwsAB3Sz3RLl4qCSNm8c7WOhuRMhUrP0IE+NYawIvfqquAW5o8CDTrBG3OvC7rfOi1nW0FtvCApzR9hb6B4GbhkIPYdymJrPr/bNzOf/49UpSQLgUCuF28O12djFL2SxoAR71qJn9xdMpRzdahq/7cbHQv9GdnQh/jF6QjQJMUtum65/b1aGc5Zh1D65tr/+6ioa+2PwzGHGakcBzYXQjrDTdIxP2uExqjfYQ3J01eMRDD5PIXu0g1CuGAdHYF1qmQlezVUneUHzMWdRnprpKtTON8b1i6BG6ozOa2gm6w+4810JwN+1DRWoe28N0U++8wuQOJXrlHlgrwV7JDEgYdeRf1TnQG6mLfzHB3GRMZseFjo+P5ArEbWPAU7aOczVlkB70GTWjK7eLewHiL66a3aF0LxKvZSQPSDPz5TWYHCQNm2fm2x0IyTx9G97KntuH3y/1hYfzabxrpw7UPNfUNPeUCD3iN8DbrBdbQ+RXczJxZaxyY2TkwXf4IktM3Sp6t+svbkmIC0oGGEA+NyM/7K+tMdQixxAF5EP6dd0cz9nw=", "tags": [null, "QGZCR+cBnhm/5Yif/FICeA==", null], "signature": "MnvRSD/zjhygWTJClAf6B52+3ViHAcSEg8bPP2GysdKiPWGjdDpHrpZxkd6hGITD1Ka7FBLnhYxos6yPC3ESMDlolTDOY5XNjIFDw0oYGe2Le12cC8nhoQzAF5JzkO/N2JibowfVmddTBKajwYpdBVAbZLpfMVzJe/Yl7jL1X5kA3X0zMt/JWpuFvUIzx3VfrUB5ACNgej97+/3b1WtxG4UdEWRgetraGDalZynWr1PCTjQBPAn08lHE/YYXc2lNEQ+TxQBcqchg: 8waz6srnqiEU/rBUcc4TH6I39SK3962mezXzOoRedwubXFZtEcxHSC+6s66J24wz1UM/Ut85fQ==", "random_index": 16, "sequence_hash": "7fed9dbe3736473843b4db01572e1869bef196146e5e0b19a92efa9762c0be08"}
2025-03-25 11:22:39,218 - INFO - Tank {"ivs": [null, "5KQJPuolpVhbFyOTXWKwzg==", "i0qoh19tXpY="], "data": "jH4uv19fcWncKef+iRRUcBScg23fMMQ8AjO8WmcdC6LiBSZuk/Gz9qMN+3/RjCgwsAB3Sz3RLl4qCSNm8c7WOhuRMhUrP0IE+NYawIvfqquAW5o8CDTrBG3OvC7rfOi1nW0FtvCApzR9hb6B4GbhkIPYdymJrPr/bNzOf/49UpSQLgUCuF28O12djFL2SxoAR71qJn9xdMpRzdahq/7cbHQv9GdnQh/jF6QjQJMUtum65/b1aGc5Zh1D65tr/+6ioa+2PwzGHGakcBzYXQjrDTdIxP2uExqjfYQ3J01eMRDD5PIXu0g1CuGAdHYF1qmQlezVUneUHzMWdRnprpKtTON8b1i6BG6ozOa2gm6w+4810JwN+1DRWoe28N0U++8wuQOJXrlHlgrwV7JDEgYdeRf1TnQG6mLfzHB3GRMZseFjo+P5ArEbWPAU7aOczVlkB70GTWjK7eLewHiL66a3aF0LxKvZSQPSDPz5TWYHCQNm2fm2x0IyTx9G97KntuH3y/1hYfzabxrpw7UPNfUNPeUCD3iN8DbrBdbQ+RXczJxZaxyY2TkwXf4IktM3Sp6t+svbkmIC0oGGEA+NyM/7K+tMdQixxAF5EP6dd0cz9nw=", "tags": [null, "QGZCR+cBnhm/5Yif/FICeA==", null], "signature": "MnvRSD/zjhygWTJClAf6B52+3ViHAcSEg8bPP2GysdKiPWGjdDpHrpZxkd6hGITD1Ka7FBLnhYxos6yPC3ESMDlolTDOY5XNjIFDw0oYGe2Le12cC8nhoQzAF5JzkO/N2JibowfVmddTBKajwYpdBVAbZLpfMVzJe/Yl7jL1X5kA3X0zMt/JWpuFvUIzx3VfrUB5ACNgej97+/3b1WtxG4UdEWRgetraGDalZynWr1PCTjQBPAn08lHE/YYXc2lNEQ+TxQBcqchg authentication failed
2025-03-25 11:24:18,087 - INFO - New connection from ('127.0.0.1', 65186)
2025-03-25 11:24:23,194 - INFO - Tank {"ivs": [null, "Py29u6fN/WE=", "s8Lzzlga4Mnn9fMZgmGdcQ=="], "data": "ZfVicHvjxLvUi6REyJwJ819AID87AjxIyFltNusykVD/MdW35F144I1OcMWSfO1oIY1Uj8BdtGAFKAntLSYS73IqpV4Y6kKwQZxIie66/tGvT8dvvbcM57LynY4cTFyQbnp8EPIa091Rlu0kAZjcTZ2oPii9C7TqcgR8AN1IG2dd5BogQ7sWPzdW1m/kWocqYQcDFyGA2eaecmKSKugumbdMCNIgP8CJdIi1Pzg9ItsO8rasQl6xVhtjgrGWeQ3hGJVclD4LlrdiSE7zllryg0wQ3DWFrWldlgTB8CK37/mNn7ngjxw8u2xCF5nN+PPhPRsgcfVxrWAILZcAgZm4A81RFbaykOM99mpoa/xumLspD9Ivl7LvtnDwkfmvCog1ZLjaUiXhziAzw+xEivkSKVEgDl444265E/LQgzhGWzhTxTL6vtCEjmNKQs4oFRT+O42LHSe4r4XFgTRAs90XYja1+tYhA4Q3ipzXHVecvdRISenymLtYtGIUU0feFLmav53iF3zKqVRXTf60unJnvylnQlTjmbEPLtNQF+XVggp3gtjsEFKgElvoa731/+/eXsGtGFtmYjmwDWiJwPVcgS8JI/PD7CBwtBj8rnGJlxbMhlsF968d+gl51I+WhMNL", "tags": [null, null, null], "signature": "MfwOy5+EbsN6XlQsQLo/vEz9Ja3j30zPc45QbQO0sk8gqsWUxDp2s6SCtNObj8NBHEaltqV+uM6BkvmnuMtM2TRzeYp4EhkTfuvoQLQvPyku11ugT65RxH7spE4Q2Zt0rBPEXOYnrnG6SA3PaYYZ3ON1BQH8vc3Swbyl+EtUZhdAEMisRTyQlbvVE1SjAzti7xkbExrdT3j47Cbp1UNgNU2vuO/CaIUKVGKy6WtgrRA+tkloHEmcPvFn8rYdvQmPozazDLAe8ONNDT connected from ('127.0.0.1', 65186)
2025-03-25 11:24:23,226 - INFO - Sent challenge to Tank {"ivs": [null, "Py29u6fN/WE=", "s8Lzzlga4Mnn9fMZgmGdcQ=="], "data": "ZfVicHvjxLvUi6REyJwJ819AID87AjxIyFltNusykVD/MdW35F144I1OcMWSfO1oIY1Uj8BdtGAFKAntLSYS73IqpV4Y6kKwQZxIie66/tGvT8dvvbcM57LynY4cTFyQbnp8EPIa091Rlu0kAZjcTZ2oPii9C7TqcgR8AN1IG2dd5BogQ7sWPzdW1m/kWocqYQcDFyGA2eaecmKSKugumbdMCNIgP8CJdIi1Pzg9ItsO8rasQl6xVhtjgrGWeQ3hGJVclD4LlrdiSE7zllryg0wQ3DWFrWldlgTB8CK37/mNn7ngjxw8u2xCF5nN+PPhPRsgcfVxrWAILZcAgZm4A81RFbaykOM99mpoa/xumLspD9Ivl7LvtnDwkfmvCog1ZLjaUiXhziAzw+xEivkSKVEgDl444265E/LQgzhGWzhTxTL6vtCEjmNKQs4oFRT+O42LHSe4r4XFgTRAs90XYja1+tYhA4Q3ipzXHVecvdRISenymLtYtGIUU0feFLmav53iF3zKqVRXTf60unJnvylnQlTjmbEPLtNQF+XVggp3gtjsEFKgElvoa731/+/eXsGtGFtmYjmwDWiJwPVcgS8JI/PD7CBwtBj8rnGJlxbMhlsF968d+gl51I+WhMNL", "tags": [null, null, null], "signature": "MfwOy5+EbsN6XlQsQLo/vEz9Ja3j30zPc45QbQO0sk8gqsWUxDp2s6SCtNObj8NBHEaltqV+uM6BkvmnuMtM2TRzeYp4EhkTfuvoQLQvPyku11ugT65RxH7spE4Q2Zt0rBPEXOYnrnG6SA3PaYYZ3ON1BQH8vc3Swbyl+EtUZhdAEMisRTyQlbvVE1SjAzti7xkbExrdT3j47Cbp1UNgNU2vuO/CaIUKVGKy6WtgrRA+tkloHEmcPvFn8rYdvQmPozazDLAe8ONNDT
2025-03-25 11:24:23,282 - INFO - Received response from Tank {"ivs": [null, "Py29u6fN/WE=", "s8Lzzlga4Mnn9fMZgmGdcQ=="], "data": "ZfVicHvjxLvUi6REyJwJ819AID87AjxIyFltNusykVD/MdW35F144I1OcMWSfO1oIY1Uj8BdtGAFKAntLSYS73IqpV4Y6kKwQZxIie66/tGvT8dvvbcM57LynY4cTFyQbnp8EPIa091Rlu0kAZjcTZ2oPii9C7TqcgR8AN1IG2dd5BogQ7sWPzdW1m/kWocqYQcDFyGA2eaecmKSKugumbdMCNIgP8CJdIi1Pzg9ItsO8rasQl6xVhtjgrGWeQ3hGJVclD4LlrdiSE7zllryg0wQ3DWFrWldlgTB8CK37/mNn7ngjxw8u2xCF5nN+PPhPRsgcfVxrWAILZcAgZm4A81RFbaykOM99mpoa/xumLspD9Ivl7LvtnDwkfmvCog1ZLjaUiXhziAzw+xEivkSKVEgDl444265E/LQgzhGWzhTxTL6vtCEjmNKQs4oFRT+O42LHSe4r4XFgTRAs90XYja1+tYhA4Q3ipzXHVecvdRISenymLtYtGIUU0feFLmav53iF3zKqVRXTf60unJnvylnQlTjmbEPLtNQF+XVggp3gtjsEFKgElvoa731/+/eXsGtGFtmYjmwDWiJwPVcgS8JI/PD7CBwtBj8rnGJlxbMhlsF968d+gl51I+WhMNL", "tags": [null, null, null], "signature": "MfwOy5+EbsN6XlQsQLo/vEz9Ja3j30zPc45QbQO0sk8gqsWUxDp2s6SCtNObj8NBHEaltqV+uM6BkvmnuMtM2TRzeYp4EhkTfuvoQLQvPyku11ugT65RxH7spE4Q2Zt0rBPEXOYnrnG6SA3PaYYZ3ON1BQH8vc3Swbyl+EtUZhdAEMisRTyQlbvVE1SjAzti7xkbExrdT3j47Cbp1UNgNU2vuO/CaIUKVGKy6WtgrRA+tkloHEmcPvFn8rYdvQmPozazDLAe8ONNDT: kWSwbFEso+V6sz8FUlJ5pBT6/+GRwZavJ089O7HcSG2b+Yc7dwERofoYL7pt/jyaezBWEktQ==", "random_index": 1, "sequence_hash": "536b869d1276462740548f57794d68edbde5169ae07d972fd14c3e1dfd034611"}
2025-03-25 11:24:23,322 - INFO - Tank {"ivs": [null, "Py29u6fN/WE=", "s8Lzzlga4Mnn9fMZgmGdcQ=="], "data": "ZfVicHvjxLvUi6REyJwJ819AID87AjxIyFltNusykVD/MdW35F144I1OcMWSfO1oIY1Uj8BdtGAFKAntLSYS73IqpV4Y6kKwQZxIie66/tGvT8dvvbcM57LynY4cTFyQbnp8EPIa091Rlu0kAZjcTZ2oPii9C7TqcgR8AN1IG2dd5BogQ7sWPzdW1m/kWocqYQcDFyGA2eaecmKSKugumbdMCNIgP8CJdIi1Pzg9ItsO8rasQl6xVhtjgrGWeQ3hGJVclD4LlrdiSE7zllryg0wQ3DWFrWldlgTB8CK37/mNn7ngjxw8u2xCF5nN+PPhPRsgcfVxrWAILZcAgZm4A81RFbaykOM99mpoa/xumLspD9Ivl7LvtnDwkfmvCog1ZLjaUiXhziAzw+xEivkSKVEgDl444265E/LQgzhGWzhTxTL6vtCEjmNKQs4oFRT+O42LHSe4r4XFgTRAs90XYja1+tYhA4Q3ipzXHVecvdRISenymLtYtGIUU0feFLmav53iF3zKqVRXTf60unJnvylnQlTjmbEPLtNQF+XVggp3gtjsEFKgElvoa731/+/eXsGtGFtmYjmwDWiJwPVcgS8JI/PD7CBwtBj8rnGJlxbMhlsF968d+gl51I+WhMNL", "tags": [null, null, null], "signature": "MfwOy5+EbsN6XlQsQLo/vEz9Ja3j30zPc45QbQO0sk8gqsWUxDp2s6SCtNObj8NBHEaltqV+uM6BkvmnuMtM2TRzeYp4EhkTfuvoQLQvPyku11ugT65RxH7spE4Q2Zt0rBPEXOYnrnG6SA3PaYYZ3ON1BQH8vc3Swbyl+EtUZhdAEMisRTyQlbvVE1SjAzti7xkbExrdT3j47Cbp1UNgNU2vuO/CaIUKVGKy6WtgrRA+tkloHEmcPvFn8rYdvQmPozazDLAe8ONNDT authentication failed
2025-03-25 11:24:57,234 - INFO - Server stopped
2025-03-25 11:32:32,889 - ERROR - Failed to initialize cryptography: too many values to unpack (expected 7)
2025-03-25 11:32:37,824 - INFO - Server started successfully
2025-03-25 11:52:03,607 - ERROR - Failed to initialize cryptography: too many values to unpack (expected 7)
2025-03-25 11:52:14,687 - INFO - Server started successfully
2025-03-25 11:52:18,823 - INFO - Launched client GUI for Tk 1
2025-03-25 11:52:32,957 - INFO - New connection from ('127.0.0.1', 50246)
2025-03-25 11:52:38,021 - INFO - Tank {"ivs": [null, "VTDlZFaX4+HAecSBJte3zg=="], "data": "SWB2ItYeP2dk/n5g3F0heVSe5l2dx99Xas9eOY2sENNZM9kllnHuwjJ484oKlJ167IyK1Vw0LF/J/L0rz2Mo2XbNxiU4dKkwfFmozGu8RH7kDhgQiTrVXAyRaBktCnLbF3ItsOoMeB46KDo0wAixRQYhNrQqq2Hb6a5CMUW1IQE4oCTLk3UM6p9byN1YNArJe7k7aqPycg9Aa/p0PISbMzxxWvDxhNuzZh/0AVbs6bD41IUG/4edAVdI4/7ZsC5JTNg1/Mb3bDHxiZ5+lU9Osx/zRgqOavTPbnfk4OhKtm2GlzEQOA46ielWXa3aHTrW9m43N7Kf2AA8ZLJ+JGNOjkJhCU1UDRbLZwQ6qfAnSOx+0vyryQiGqke70QtfZNfzOTI0pwXlYTCgJ1OBK+XRCfD0cB32B9fZeMegzgg7QzjyE1ZhlMerx9cuy+hW+D6ptB6TlqUr2O4=", "tags": [null, "rMTNZSZf4igHXBgW7hgJHQ=="], "signature": "BXOOGbgqIY5OsI2JiXapMP8t/esIm9UeXIIlK4FvnnqbbOT45GEE7v21IwRwWtgD55KtnS02H7anjPTxomGbVMK8Ak3QRQyTaDJ/fh0t9xxdf612e3oMPwNHYlRnuRyBHY6oyqazr99KtWa61DgqKrhOS/sNj+we9ekDQlm2zrPMhIzl412WGy73qM3yYsFahGyUZwQ4u5ZaKIr6NuYWdWdw7d0/71RmkDn6fQ26DenmstMGiofFOK8nBcfx7VIpfuRVF8G4KzIv2czbWc5AZjegsqYuMp1AHc/JuJRO0fkef7K3oAQuTQkuJ2QBhQiMkpBrovd0+fq+SeiTtX2BSw==", "random_index": 1, "sequence_hash": "4afd4db20d6944c05b14d13316c56041923287c4f5f67c893d5ec75dd3e85490"} connected from ('127.0.0.1', 50246)
2025-03-25 11:52:38,093 - INFO - Sent challenge to Tank {"ivs": [null, "VTDlZFaX4+HAecSBJte3zg=="], "data": "SWB2ItYeP2dk/n5g3F0heVSe5l2dx99Xas9eOY2sENNZM9kllnHuwjJ484oKlJ167IyK1Vw0LF/J/L0rz2Mo2XbNxiU4dKkwfFmozGu8RH7kDhgQiTrVXAyRaBktCnLbF3ItsOoMeB46KDo0wAixRQYhNrQqq2Hb6a5CMUW1IQE4oCTLk3UM6p9byN1YNArJe7k7aqPycg9Aa/p0PISbMzxxWvDxhNuzZh/0AVbs6bD41IUG/4edAVdI4/7ZsC5JTNg1/Mb3bDHxiZ5+lU9Osx/zRgqOavTPbnfk4OhKtm2GlzEQOA46ielWXa3aHTrW9m43N7Kf2AA8ZLJ+JGNOjkJhCU1UDRbLZwQ6qfAnSOx+0vyryQiGqke70QtfZNfzOTI0pwXlYTCgJ1OBK+XRCfD0cB32B9fZeMegzgg7QzjyE1ZhlMerx9cuy+hW+D6ptB6TlqUr2O4=", "tags": [null, "rMTNZSZf4igHXBgW7hgJHQ=="], "signature": "BXOOGbgqIY5OsI2JiXapMP8t/esIm9UeXIIlK4FvnnqbbOT45GEE7v21IwRwWtgD55KtnS02H7anjPTxomGbVMK8Ak3QRQyTaDJ/fh0t9xxdf612e3oMPwNHYlRnuRyBHY6oyqazr99KtWa61DgqKrhOS/sNj+we9ekDQlm2zrPMhIzl412WGy73qM3yYsFahGyUZwQ4u5ZaKIr6NuYWdWdw7d0/71RmkDn6fQ26DenmstMGiofFOK8nBcfx7VIpfuRVF8G4KzIv2czbWc5AZjegsqYuMp1AHc/JuJRO0fkef7K3oAQuTQkuJ2QBhQiMkpBrovd0+fq+SeiTtX2BSw==", "random_index": 1, "sequence_hash": "4afd4db20d6944c05b14d13316c56041923287c4f5f67c893d5ec75dd3e85490"}
2025-03-25 11:52:38,117 - INFO - Received response from Tank {"ivs": [null, "VTDlZFaX4+HAecSBJte3zg=="], "data": "SWB2ItYeP2dk/n5g3F0heVSe5l2dx99Xas9eOY2sENNZM9kllnHuwjJ484oKlJ167IyK1Vw0LF/J/L0rz2Mo2XbNxiU4dKkwfFmozGu8RH7kDhgQiTrVXAyRaBktCnLbF3ItsOoMeB46KDo0wAixRQYhNrQqq2Hb6a5CMUW1IQE4oCTLk3UM6p9byN1YNArJe7k7aqPycg9Aa/p0PISbMzxxWvDxhNuzZh/0AVbs6bD41IUG/4edAVdI4/7ZsC5JTNg1/Mb3bDHxiZ5+lU9Osx/zRgqOavTPbnfk4OhKtm2GlzEQOA46ielWXa3aHTrW9m43N7Kf2AA8ZLJ+JGNOjkJhCU1UDRbLZwQ6qfAnSOx+0vyryQiGqke70QtfZNfzOTI0pwXlYTCgJ1OBK+XRCfD0cB32B9fZeMegzgg7QzjyE1ZhlMerx9cuy+hW+D6ptB6TlqUr2O4=", "tags": [null, "rMTNZSZf4igHXBgW7hgJHQ=="], "signature": "BXOOGbgqIY5OsI2JiXapMP8t/esIm9UeXIIlK4FvnnqbbOT45GEE7v21IwRwWtgD55KtnS02H7anjPTxomGbVMK8Ak3QRQyTaDJ/fh0t9xxdf612e3oMPwNHYlRnuRyBHY6oyqazr99KtWa61DgqKrhOS/sNj+we9ekDQlm2zrPMhIzl412WGy73qM3yYsFahGyUZwQ4u5ZaKIr6NuYWdWdw7d0/71RmkDn6fQ26DenmstMGiofFOK8nBcfx7VIpfuRVF8G4KzIv2czbWc5AZjegsqYuMp1AHc/JuJRO0fkef7K3oAQuTQkuJ2QBhQiMkpBrovd0+fq+SeiTtX2BSw==", "random_index": 1, "sequence_hash": "4afd4db20d6944c05b14d13316c56041923287c4f5f67c893d5ec75dd3e85490"}: 
2025-03-25 11:52:38,157 - INFO - Tank {"ivs": [null, "VTDlZFaX4+HAecSBJte3zg=="], "data": "SWB2ItYeP2dk/n5g3F0heVSe5l2dx99Xas9eOY2sENNZM9kllnHuwjJ484oKlJ167IyK1Vw0LF/J/L0rz2Mo2XbNxiU4dKkwfFmozGu8RH7kDhgQiTrVXAyRaBktCnLbF3ItsOoMeB46KDo0wAixRQYhNrQqq2Hb6a5CMUW1IQE4oCTLk3UM6p9byN1YNArJe7k7aqPycg9Aa/p0PISbMzxxWvDxhNuzZh/0AVbs6bD41IUG/4edAVdI4/7ZsC5JTNg1/Mb3bDHxiZ5+lU9Osx/zRgqOavTPbnfk4OhKtm2GlzEQOA46ielWXa3aHTrW9m43N7Kf2AA8ZLJ+JGNOjkJhCU1UDRbLZwQ6qfAnSOx+0vyryQiGqke70QtfZNfzOTI0pwXlYTCgJ1OBK+XRCfD0cB32B9fZeMegzgg7QzjyE1ZhlMerx9cuy+hW+D6ptB6TlqUr2O4=", "tags": [null, "rMTNZSZf4igHXBgW7hgJHQ=="], "signature": "BXOOGbgqIY5OsI2JiXapMP8t/esIm9UeXIIlK4FvnnqbbOT45GEE7v21IwRwWtgD55KtnS02H7anjPTxomGbVMK8Ak3QRQyTaDJ/fh0t9xxdf612e3oMPwNHYlRnuRyBHY6oyqazr99KtWa61DgqKrhOS/sNj+we9ekDQlm2zrPMhIzl412WGy73qM3yYsFahGyUZwQ4u5ZaKIr6NuYWdWdw7d0/71RmkDn6fQ26DenmstMGiofFOK8nBcfx7VIpfuRVF8G4KzIv2czbWc5AZjegsqYuMp1AHc/JuJRO0fkef7K3oAQuTQkuJ2QBhQiMkpBrovd0+fq+SeiTtX2BSw==", "random_index": 1, "sequence_hash": "4afd4db20d6944c05b14d13316c56041923287c4f5f67c893d5ec75dd3e85490"} authentication failed
