2025-03-25 12:14:28,307 - ERROR - Failed to initialize cryptography: too many values to unpack (expected 7)
2025-03-25 12:14:37,850 - INFO - Server started successfully
2025-03-25 12:15:11,217 - INFO - New connection from ('127.0.0.1', 51662)
2025-03-25 12:15:11,233 - INFO - Tank Tk1 connected
2025-03-25 12:15:11,233 - INFO - Tank Tk1 authenticated
2025-03-25 12:20:07,524 - ERROR - Communication error with Tank Tk1: [WinError 10054] An existing connection was forcibly closed by the remote host
2025-03-25 12:20:38,999 - INFO - New connection from ('127.0.0.1', 52356)
2025-03-25 12:20:39,015 - INFO - Tank Tk3 connected
2025-03-25 12:20:39,015 - INFO - Tank Tk3 authenticated
2025-03-25 12:44:25,676 - ERROR - Failed to initialize cryptography: too many values to unpack (expected 7)
2025-03-25 12:44:36,747 - INFO - Launched client GUI for Tk 1
2025-03-25 12:44:36,763 - INFO - Launched client GUI for Tk 2
2025-03-25 12:44:41,139 - INFO - Server started successfully
2025-03-25 12:45:10,216 - INFO - New connection from ('127.0.0.1', 53073)
2025-03-25 12:45:10,232 - INFO - Tank Tk1 connected
2025-03-25 12:45:10,240 - INFO - Tank Tk1 authenticated
2025-03-25 12:45:35,719 - INFO - New connection from ('127.0.0.1', 53269)
2025-03-25 12:45:35,735 - INFO - Tank Tk2 connected
2025-03-25 12:45:35,735 - INFO - Tank Tk2 authenticated
2025-03-25 12:58:00,193 - ERROR - Failed to initialize cryptography: too many values to unpack (expected 7)
2025-03-25 12:58:02,177 - INFO - Server started successfully
2025-03-25 12:58:05,688 - INFO - Launched client GUI for Tk 1
2025-03-25 12:58:19,976 - INFO - New connection from ('127.0.0.1', 54258)
2025-03-25 12:58:19,984 - INFO - Tank Tk1 connected
2025-03-25 12:58:19,984 - INFO - Tank Tk1 authenticated
2025-03-25 12:58:20,008 - ERROR - Communication error with Tank Tk1: [WinError 10054] An existing connection was forcibly closed by the remote host
2025-03-25 12:58:25,024 - INFO - New connection from ('127.0.0.1', 54316)
2025-03-25 12:58:25,024 - INFO - Tank Tk1 connected
2025-03-25 12:58:25,031 - ERROR - Error handling client: [WinError 10054] An existing connection was forcibly closed by the remote host
2025-03-25 12:58:30,039 - INFO - New connection from ('127.0.0.1', 54369)
2025-03-25 12:58:30,039 - INFO - Tank Tk1 connected
2025-03-25 12:58:30,047 - INFO - Tank Tk1 authenticated
2025-03-25 12:58:30,055 - ERROR - Communication error with Tank Tk1: [WinError 10054] An existing connection was forcibly closed by the remote host
2025-03-25 12:58:35,055 - INFO - New connection from ('127.0.0.1', 54429)
2025-03-25 12:58:35,063 - INFO - Tank Tk1 connected
2025-03-25 12:58:35,071 - ERROR - Error handling client: [WinError 10054] An existing connection was forcibly closed by the remote host
2025-03-25 12:58:40,078 - INFO - New connection from ('127.0.0.1', 54487)
2025-03-25 12:58:40,086 - INFO - Tank Tk1 connected
2025-03-25 12:58:40,102 - ERROR - Error handling client: [WinError 10054] An existing connection was forcibly closed by the remote host
2025-03-25 12:58:45,118 - INFO - New connection from ('127.0.0.1', 54547)
2025-03-25 12:58:45,142 - ERROR - Error handling client: [WinError 10054] An existing connection was forcibly closed by the remote host
2025-03-25 12:58:50,125 - INFO - New connection from ('127.0.0.1', 54598)
2025-03-25 12:58:50,157 - ERROR - Error handling client: [WinError 10054] An existing connection was forcibly closed by the remote host
2025-03-25 12:58:54,533 - INFO - Server stopped
2025-03-25 13:03:00,775 - INFO - Cryptography initialized successfully
2025-03-25 13:03:02,423 - INFO - Server started successfully
2025-03-25 13:03:05,647 - INFO - Launched client GUI for Tk 1
2025-03-25 13:03:20,239 - INFO - New connection from ('127.0.0.1', 54949)
2025-03-25 13:03:20,247 - INFO - Tank Tk1 connected
2025-03-25 13:03:20,247 - INFO - Tank Tk1 authenticated
2025-03-25 13:03:20,263 - ERROR - Error handling client: [WinError 10054] An existing connection was forcibly closed by the remote host
2025-03-25 13:03:20,271 - INFO - Tank Tk1 disconnected
2025-03-25 13:03:25,286 - INFO - New connection from ('127.0.0.1', 54998)
2025-03-25 13:03:25,294 - INFO - Tank Tk1 connected
2025-03-25 13:03:25,310 - ERROR - Authentication error for Tk1: [WinError 10054] An existing connection was forcibly closed by the remote host
2025-03-25 13:03:25,310 - ERROR - Error handling client: Authentication failed
2025-03-25 13:03:25,326 - INFO - Tank Tk1 disconnected
2025-03-25 13:03:30,302 - INFO - New connection from ('127.0.0.1', 55048)
2025-03-25 13:03:30,310 - INFO - Tank Tk1 connected
2025-03-25 13:03:30,310 - INFO - Tank Tk1 authenticated
2025-03-25 13:03:30,326 - ERROR - Error handling client: [WinError 10054] An existing connection was forcibly closed by the remote host
2025-03-25 13:03:30,334 - INFO - Tank Tk1 disconnected
2025-03-25 13:03:35,318 - INFO - New connection from ('127.0.0.1', 55098)
2025-03-25 13:03:35,325 - INFO - Tank Tk1 connected
2025-03-25 13:03:35,341 - ERROR - Authentication error for Tk1: [WinError 10054] An existing connection was forcibly closed by the remote host
2025-03-25 13:03:35,349 - ERROR - Error handling client: Authentication failed
2025-03-25 13:03:35,357 - INFO - Tank Tk1 disconnected
2025-03-25 13:03:40,349 - INFO - New connection from ('127.0.0.1', 55152)
2025-03-25 13:03:40,357 - ERROR - Error handling client: [WinError 10054] An existing connection was forcibly closed by the remote host
2025-03-25 13:03:45,373 - INFO - New connection from ('127.0.0.1', 55202)
2025-03-25 13:03:45,397 - ERROR - Error handling client: [WinError 10054] An existing connection was forcibly closed by the remote host
2025-03-25 13:03:50,404 - INFO - New connection from ('127.0.0.1', 55253)
2025-03-25 13:03:50,428 - ERROR - Error handling client: [WinError 10054] An existing connection was forcibly closed by the remote host
2025-03-25 13:03:55,428 - INFO - New connection from ('127.0.0.1', 55299)
2025-03-25 13:03:55,444 - ERROR - Error handling client: [WinError 10054] An existing connection was forcibly closed by the remote host
2025-03-25 13:03:59,619 - INFO - Server stopped
2025-03-25 13:07:01,911 - ERROR - Failed to initialize cryptography: too many values to unpack (expected 7)
2025-03-25 13:07:10,070 - INFO - Server started successfully
2025-03-25 13:07:16,239 - INFO - Launched client GUI for Tk 1
2025-03-25 13:07:16,247 - INFO - Launched client GUI for Tk 2
2025-03-25 13:07:31,566 - INFO - New connection from ('127.0.0.1', 55527)
2025-03-25 13:07:31,574 - INFO - Tank Tk1 connected
2025-03-25 13:07:31,582 - INFO - Tank Tk1 authenticated
2025-03-25 13:07:31,598 - ERROR - Communication error with Tank Tk1: [WinError 10054] An existing connection was forcibly closed by the remote host
2025-03-25 13:07:36,597 - INFO - New connection from ('127.0.0.1', 55584)
2025-03-25 13:07:36,605 - INFO - Tank Tk1 connected
2025-03-25 13:07:36,613 - ERROR - Error handling client: [WinError 10054] An existing connection was forcibly closed by the remote host
2025-03-25 13:07:41,621 - INFO - New connection from ('127.0.0.1', 55635)
2025-03-25 13:07:41,629 - INFO - Tank Tk1 connected
2025-03-25 13:07:41,637 - ERROR - Error handling client: [WinError 10054] An existing connection was forcibly closed by the remote host
2025-03-25 13:07:46,645 - INFO - New connection from ('127.0.0.1', 55693)
2025-03-25 13:07:46,645 - INFO - Tank Tk1 connected
2025-03-25 13:07:46,652 - INFO - Tank Tk1 authenticated
2025-03-25 13:07:46,708 - ERROR - Communication error with Tank Tk1: [WinError 10054] An existing connection was forcibly closed by the remote host
2025-03-25 13:07:51,660 - INFO - New connection from ('127.0.0.1', 55733)
2025-03-25 13:07:51,668 - INFO - Tank Tk1 connected
2025-03-25 13:07:51,676 - INFO - Tank Tk1 authenticated
2025-03-25 13:07:51,700 - ERROR - Communication error with Tank Tk1: [WinError 10054] An existing connection was forcibly closed by the remote host
2025-03-25 13:07:56,716 - INFO - New connection from ('127.0.0.1', 55764)
2025-03-25 13:07:56,740 - ERROR - Error handling client: [WinError 10054] An existing connection was forcibly closed by the remote host
2025-03-25 13:08:00,947 - INFO - Server stopped
2025-03-25 13:09:49,756 - INFO - Cryptography initialized successfully
2025-03-25 13:09:51,467 - INFO - Server started successfully
2025-03-25 13:09:54,339 - INFO - Launched client GUI for Tk 1
2025-03-25 13:10:14,378 - INFO - New connection from ('127.0.0.1', 56392)
2025-03-25 13:10:14,386 - INFO - Tank Tk1 connected
2025-03-25 13:10:14,442 - INFO - Tank Tk1 authenticated
2025-03-25 13:10:29,409 - ERROR - Error handling client: Empty response received
2025-03-25 13:10:29,417 - INFO - New connection from ('127.0.0.1', 56572)
2025-03-25 13:10:29,417 - INFO - Tank Tk1 disconnected
2025-03-25 13:10:29,417 - INFO - Tank Tk1 connected
2025-03-25 13:10:29,441 - INFO - Tank Tk1 authenticated
2025-03-25 13:10:44,423 - ERROR - Error handling client: Empty response received
2025-03-25 13:10:44,431 - INFO - New connection from ('127.0.0.1', 56668)
2025-03-25 13:10:44,431 - INFO - Tank Tk1 disconnected
2025-03-25 13:10:44,431 - INFO - Tank Tk1 connected
2025-03-25 13:10:44,455 - INFO - Tank Tk1 authenticated
2025-03-25 13:10:51,919 - ERROR - Error disconnecting Tk1: 'Tk1'
2025-03-25 13:10:51,919 - INFO - Server stopped
2025-03-25 13:10:51,927 - INFO - Tank Tk1 disconnected
2025-03-25 13:22:03,687 - INFO - Server started successfully
2025-03-25 13:22:04,303 - INFO - New connection from ('127.0.0.1', 63963)
2025-03-25 13:22:04,311 - INFO - Tank Tk1 connected
2025-03-25 13:22:04,343 - INFO - Tank Tk1 authenticated
2025-03-25 13:22:19,342 - ERROR - Error handling client: Empty response received
2025-03-25 13:22:19,350 - INFO - New connection from ('127.0.0.1', 63964)
2025-03-25 13:22:19,358 - INFO - Tank Tk1 disconnected
2025-03-25 13:22:19,366 - INFO - Tank Tk1 connected
2025-03-25 13:22:19,382 - INFO - Tank Tk1 authenticated
2025-03-25 13:22:34,388 - ERROR - Error handling client: Empty response received
2025-03-25 13:22:34,412 - INFO - New connection from ('127.0.0.1', 63965)
2025-03-25 13:22:34,436 - INFO - Tank Tk1 disconnected
2025-03-25 13:22:34,460 - INFO - Tank Tk1 connected
2025-03-25 13:22:34,524 - INFO - Tank Tk1 authenticated
2025-03-25 13:22:49,427 - ERROR - Error handling client: Empty response received
2025-03-25 13:22:49,443 - INFO - New connection from ('127.0.0.1', 65452)
2025-03-25 13:22:49,467 - INFO - Tank Tk1 disconnected
2025-03-25 13:22:49,475 - INFO - Tank Tk1 connected
2025-03-25 13:22:49,507 - INFO - Tank Tk1 authenticated
2025-03-25 13:22:49,699 - ERROR - Error processing location update from Tk1: decrypt_data() takes 9 positional arguments but 11 were given
2025-03-25 13:22:51,011 - ERROR - Error processing location update from Tk1: decrypt_data() takes 9 positional arguments but 11 were given
2025-03-25 13:22:52,221 - ERROR - Error processing location update from Tk1: decrypt_data() takes 9 positional arguments but 11 were given
2025-03-25 13:22:53,461 - ERROR - Error processing location update from Tk1: decrypt_data() takes 9 positional arguments but 11 were given
2025-03-25 13:22:54,621 - ERROR - Error processing location update from Tk1: decrypt_data() takes 9 positional arguments but 11 were given
2025-03-25 13:22:55,821 - ERROR - Error processing location update from Tk1: decrypt_data() takes 9 positional arguments but 11 were given
2025-03-25 13:22:57,044 - ERROR - Error processing location update from Tk1: decrypt_data() takes 9 positional arguments but 11 were given
2025-03-25 13:22:58,244 - ERROR - Error processing location update from Tk1: decrypt_data() takes 9 positional arguments but 11 were given
2025-03-25 13:22:59,460 - ERROR - Error processing location update from Tk1: decrypt_data() takes 9 positional arguments but 11 were given
2025-03-25 13:23:00,740 - ERROR - Error processing location update from Tk1: decrypt_data() takes 9 positional arguments but 11 were given
2025-03-25 13:23:01,948 - ERROR - Error processing location update from Tk1: decrypt_data() takes 9 positional arguments but 11 were given
2025-03-25 13:23:03,188 - ERROR - Error processing location update from Tk1: decrypt_data() takes 9 positional arguments but 11 were given
2025-03-25 13:23:04,396 - ERROR - Error processing location update from Tk1: decrypt_data() takes 9 positional arguments but 11 were given
2025-03-25 13:23:05,596 - ERROR - Error processing location update from Tk1: decrypt_data() takes 9 positional arguments but 11 were given
2025-03-25 13:23:06,796 - ERROR - Error processing location update from Tk1: decrypt_data() takes 9 positional arguments but 11 were given
2025-03-25 13:23:08,027 - ERROR - Error processing location update from Tk1: decrypt_data() takes 9 positional arguments but 11 were given
2025-03-25 13:23:09,211 - ERROR - Error processing location update from Tk1: decrypt_data() takes 9 positional arguments but 11 were given
2025-03-25 13:23:10,459 - ERROR - Error processing location update from Tk1: decrypt_data() takes 9 positional arguments but 11 were given
2025-03-25 13:23:11,715 - ERROR - Error processing location update from Tk1: decrypt_data() takes 9 positional arguments but 11 were given
2025-03-25 13:23:12,875 - ERROR - Error processing location update from Tk1: decrypt_data() takes 9 positional arguments but 11 were given
2025-03-25 13:23:14,035 - ERROR - Error processing location update from Tk1: decrypt_data() takes 9 positional arguments but 11 were given
2025-03-25 13:23:15,355 - ERROR - Error processing location update from Tk1: decrypt_data() takes 9 positional arguments but 11 were given
2025-03-25 13:23:16,531 - ERROR - Error processing location update from Tk1: decrypt_data() takes 9 positional arguments but 11 were given
2025-03-25 13:23:17,739 - ERROR - Error processing location update from Tk1: decrypt_data() takes 9 positional arguments but 11 were given
2025-03-25 13:23:18,994 - ERROR - Error processing location update from Tk1: decrypt_data() takes 9 positional arguments but 11 were given
2025-03-25 13:23:20,251 - ERROR - Error processing location update from Tk1: decrypt_data() takes 9 positional arguments but 11 were given
2025-03-25 13:23:21,467 - ERROR - Error processing location update from Tk1: decrypt_data() takes 9 positional arguments but 11 were given
2025-03-25 13:23:22,611 - ERROR - Error processing location update from Tk1: decrypt_data() takes 9 positional arguments but 11 were given
2025-03-25 13:23:23,810 - ERROR - Error processing location update from Tk1: decrypt_data() takes 9 positional arguments but 11 were given
2025-03-25 13:23:25,114 - ERROR - Error processing location update from Tk1: decrypt_data() takes 9 positional arguments but 11 were given
2025-03-25 13:23:26,458 - ERROR - Error processing location update from Tk1: decrypt_data() takes 9 positional arguments but 11 were given
2025-03-25 13:23:27,898 - ERROR - Error processing location update from Tk1: decrypt_data() takes 9 positional arguments but 11 were given
2025-03-25 13:23:29,434 - ERROR - Error processing location update from Tk1: decrypt_data() takes 9 positional arguments but 11 were given
2025-03-25 13:23:30,907 - ERROR - Error processing location update from Tk1: decrypt_data() takes 9 positional arguments but 11 were given
2025-03-25 13:23:32,707 - ERROR - Error processing location update from Tk1: decrypt_data() takes 9 positional arguments but 11 were given
2025-03-25 13:23:34,563 - ERROR - Error processing location update from Tk1: decrypt_data() takes 9 positional arguments but 11 were given
2025-03-25 13:23:36,531 - ERROR - Error processing location update from Tk1: decrypt_data() takes 9 positional arguments but 11 were given
2025-03-25 13:23:39,091 - ERROR - Error processing location update from Tk1: decrypt_data() takes 9 positional arguments but 11 were given
2025-03-25 13:23:41,450 - ERROR - Error processing location update from Tk1: decrypt_data() takes 9 positional arguments but 11 were given
2025-03-25 13:23:43,698 - ERROR - Error processing location update from Tk1: decrypt_data() takes 9 positional arguments but 11 were given
2025-03-25 13:23:46,314 - ERROR - Error processing location update from Tk1: decrypt_data() takes 9 positional arguments but 11 were given
2025-03-25 13:23:48,562 - ERROR - Error processing location update from Tk1: decrypt_data() takes 9 positional arguments but 11 were given
2025-03-25 13:23:51,426 - ERROR - Error processing location update from Tk1: decrypt_data() takes 9 positional arguments but 11 were given
2025-03-25 13:23:54,202 - ERROR - Error processing location update from Tk1: decrypt_data() takes 9 positional arguments but 11 were given
2025-03-25 13:23:57,130 - ERROR - Error processing location update from Tk1: decrypt_data() takes 9 positional arguments but 11 were given
2025-03-25 13:24:00,225 - ERROR - Error processing location update from Tk1: decrypt_data() takes 9 positional arguments but 11 were given
2025-03-25 13:24:00,249 - INFO - Tank Tk1 disconnected
2025-03-25 13:24:00,257 - INFO - Server stopped
2025-03-25 13:24:01,233 - INFO - Tank Tk1 disconnected
2025-03-25 13:26:47,992 - INFO - Cryptography initialized successfully
2025-03-25 13:26:58,222 - INFO - Server started successfully
2025-03-25 13:27:06,839 - INFO - Launched client GUI for Tk 1
2025-03-25 13:27:19,984 - INFO - New connection from ('127.0.0.1', 64566)
2025-03-25 13:27:19,992 - INFO - Tank Tk1 connected
2025-03-25 13:27:20,008 - INFO - Tank Tk1 authenticated
2025-03-25 13:27:34,996 - ERROR - Error handling client: Empty response received
2025-03-25 13:27:35,004 - INFO - New connection from ('127.0.0.1', 64567)
2025-03-25 13:27:35,004 - INFO - Tank Tk1 disconnected
2025-03-25 13:27:35,028 - INFO - Tank Tk1 connected
2025-03-25 13:27:35,076 - INFO - Tank Tk1 authenticated
2025-03-25 13:27:35,364 - ERROR - Error processing location update from Tk1: decrypt_data() takes 9 positional arguments but 11 were given
2025-03-25 13:27:36,603 - ERROR - Error processing location update from Tk1: decrypt_data() takes 9 positional arguments but 11 were given
2025-03-25 13:27:37,970 - ERROR - Error processing location update from Tk1: decrypt_data() takes 9 positional arguments but 11 were given
2025-03-25 13:27:39,185 - ERROR - Error processing location update from Tk1: decrypt_data() takes 9 positional arguments but 11 were given
2025-03-25 13:27:40,412 - ERROR - Error processing location update from Tk1: decrypt_data() takes 9 positional arguments but 11 were given
2025-03-25 13:27:41,658 - ERROR - Error processing location update from Tk1: decrypt_data() takes 9 positional arguments but 11 were given
2025-03-25 13:27:43,044 - ERROR - Error processing location update from Tk1: decrypt_data() takes 9 positional arguments but 11 were given
2025-03-25 13:27:44,262 - ERROR - Error processing location update from Tk1: decrypt_data() takes 9 positional arguments but 11 were given
2025-03-25 13:27:45,474 - ERROR - Error processing location update from Tk1: decrypt_data() takes 9 positional arguments but 11 were given
2025-03-25 13:27:46,685 - ERROR - Error processing location update from Tk1: decrypt_data() takes 9 positional arguments but 11 were given
2025-03-25 13:27:47,696 - ERROR - Error handling client: [WinError 10053] An established connection was aborted by the software in your host machine
2025-03-25 13:27:47,712 - INFO - Tank Tk1 disconnected
